[2025-05-14 17:42:25] local.ERROR: SQLSTATE[42S01]: Base table or view already exists: 1050 Table 'personal_access_tokens' already exists (Connection: mysql, SQL: create table `personal_access_tokens` (`id` bigint unsigned not null auto_increment primary key, `tokenable_type` varchar(255) not null, `tokenable_id` bigint unsigned not null, `name` varchar(255) not null, `token` varchar(64) not null, `abilities` text null, `last_used_at` timestamp null, `expires_at` timestamp null, `created_at` timestamp null, `updated_at` timestamp null) default character set utf8mb4 collate 'utf8mb4_unicode_ci') {"exception":"[object] (Illuminate\\Database\\QueryException(code: 42S01): SQLSTATE[42S01]: Base table or view already exists: 1050 Table 'personal_access_tokens' already exists (Connection: mysql, SQL: create table `personal_access_tokens` (`id` bigint unsigned not null auto_increment primary key, `tokenable_type` varchar(255) not null, `tokenable_id` bigint unsigned not null, `name` varchar(255) not null, `token` varchar(64) not null, `abilities` text null, `last_used_at` timestamp null, `expires_at` timestamp null, `created_at` timestamp null, `updated_at` timestamp null) default character set utf8mb4 collate 'utf8mb4_unicode_ci') at /Users/vitorsamuedoamaralpedroso/Documents/projetos-pessoais/cupons-livewire/vendor/laravel/framework/src/Illuminate/Database/Connection.php:822)
[stacktrace]
#0 /Users/vitorsamuedoamaralpedroso/Documents/projetos-pessoais/cupons-livewire/vendor/laravel/framework/src/Illuminate/Database/Connection.php(776): Illuminate\\Database\\Connection->runQueryCallback('create table `p...', Array, Object(Closure))
#1 /Users/vitorsamuedoamaralpedroso/Documents/projetos-pessoais/cupons-livewire/vendor/laravel/framework/src/Illuminate/Database/Connection.php(557): Illuminate\\Database\\Connection->run('create table `p...', Array, Object(Closure))
#2 /Users/vitorsamuedoamaralpedroso/Documents/projetos-pessoais/cupons-livewire/vendor/laravel/framework/src/Illuminate/Database/Schema/Blueprint.php(119): Illuminate\\Database\\Connection->statement('create table `p...')
#3 /Users/vitorsamuedoamaralpedroso/Documents/projetos-pessoais/cupons-livewire/vendor/laravel/framework/src/Illuminate/Database/Schema/Builder.php(618): Illuminate\\Database\\Schema\\Blueprint->build()
#4 /Users/vitorsamuedoamaralpedroso/Documents/projetos-pessoais/cupons-livewire/vendor/laravel/framework/src/Illuminate/Database/Schema/Builder.php(472): Illuminate\\Database\\Schema\\Builder->build(Object(Illuminate\\Database\\Schema\\Blueprint))
#5 /Users/vitorsamuedoamaralpedroso/Documents/projetos-pessoais/cupons-livewire/vendor/laravel/framework/src/Illuminate/Support/Facades/Facade.php(361): Illuminate\\Database\\Schema\\Builder->create('personal_access...', Object(Closure))
#6 /Users/vitorsamuedoamaralpedroso/Documents/projetos-pessoais/cupons-livewire/database/migrations/2025_05_14_174220_create_personal_access_tokens_table.php(14): Illuminate\\Support\\Facades\\Facade::__callStatic('create', Array)
#7 /Users/vitorsamuedoamaralpedroso/Documents/projetos-pessoais/cupons-livewire/vendor/laravel/framework/src/Illuminate/Database/Migrations/Migrator.php(514): Illuminate\\Database\\Migrations\\Migration@anonymous->up()
#8 /Users/vitorsamuedoamaralpedroso/Documents/projetos-pessoais/cupons-livewire/vendor/laravel/framework/src/Illuminate/Database/Migrations/Migrator.php(439): Illuminate\\Database\\Migrations\\Migrator->runMethod(Object(Illuminate\\Database\\MySqlConnection), Object(Illuminate\\Database\\Migrations\\Migration@anonymous), 'up')
#9 /Users/vitorsamuedoamaralpedroso/Documents/projetos-pessoais/cupons-livewire/vendor/laravel/framework/src/Illuminate/Database/Migrations/Migrator.php(448): Illuminate\\Database\\Migrations\\Migrator->{closure:Illuminate\\Database\\Migrations\\Migrator::runMigration():435}()
#10 /Users/vitorsamuedoamaralpedroso/Documents/projetos-pessoais/cupons-livewire/vendor/laravel/framework/src/Illuminate/Database/Migrations/Migrator.php(250): Illuminate\\Database\\Migrations\\Migrator->runMigration(Object(Illuminate\\Database\\Migrations\\Migration@anonymous), 'up')
#11 /Users/vitorsamuedoamaralpedroso/Documents/projetos-pessoais/cupons-livewire/vendor/laravel/framework/src/Illuminate/Console/View/Components/Task.php(41): Illuminate\\Database\\Migrations\\Migrator->{closure:Illuminate\\Database\\Migrations\\Migrator::runUp():250}()
#12 /Users/vitorsamuedoamaralpedroso/Documents/projetos-pessoais/cupons-livewire/vendor/laravel/framework/src/Illuminate/Database/Migrations/Migrator.php(805): Illuminate\\Console\\View\\Components\\Task->render('2025_05_14_1742...', Object(Closure))
#13 /Users/vitorsamuedoamaralpedroso/Documents/projetos-pessoais/cupons-livewire/vendor/laravel/framework/src/Illuminate/Database/Migrations/Migrator.php(250): Illuminate\\Database\\Migrations\\Migrator->write('Illuminate\\\\Cons...', '2025_05_14_1742...', Object(Closure))
#14 /Users/vitorsamuedoamaralpedroso/Documents/projetos-pessoais/cupons-livewire/vendor/laravel/framework/src/Illuminate/Database/Migrations/Migrator.php(210): Illuminate\\Database\\Migrations\\Migrator->runUp('/Users/vitorsam...', 55, false)
#15 /Users/vitorsamuedoamaralpedroso/Documents/projetos-pessoais/cupons-livewire/vendor/laravel/framework/src/Illuminate/Database/Migrations/Migrator.php(137): Illuminate\\Database\\Migrations\\Migrator->runPending(Array, Array)
#16 /Users/vitorsamuedoamaralpedroso/Documents/projetos-pessoais/cupons-livewire/vendor/laravel/framework/src/Illuminate/Database/Console/Migrations/MigrateCommand.php(116): Illuminate\\Database\\Migrations\\Migrator->run(Array, Array)
#17 /Users/vitorsamuedoamaralpedroso/Documents/projetos-pessoais/cupons-livewire/vendor/laravel/framework/src/Illuminate/Database/Migrations/Migrator.php(665): Illuminate\\Database\\Console\\Migrations\\MigrateCommand->{closure:Illuminate\\Database\\Console\\Migrations\\MigrateCommand::runMigrations():109}()
#18 /Users/vitorsamuedoamaralpedroso/Documents/projetos-pessoais/cupons-livewire/vendor/laravel/framework/src/Illuminate/Database/Console/Migrations/MigrateCommand.php(109): Illuminate\\Database\\Migrations\\Migrator->usingConnection(NULL, Object(Closure))
#19 /Users/vitorsamuedoamaralpedroso/Documents/projetos-pessoais/cupons-livewire/vendor/laravel/framework/src/Illuminate/Database/Console/Migrations/MigrateCommand.php(88): Illuminate\\Database\\Console\\Migrations\\MigrateCommand->runMigrations()
#20 /Users/vitorsamuedoamaralpedroso/Documents/projetos-pessoais/cupons-livewire/vendor/laravel/framework/src/Illuminate/Container/BoundMethod.php(36): Illuminate\\Database\\Console\\Migrations\\MigrateCommand->handle()
#21 /Users/vitorsamuedoamaralpedroso/Documents/projetos-pessoais/cupons-livewire/vendor/laravel/framework/src/Illuminate/Container/Util.php(43): Illuminate\\Container\\BoundMethod::{closure:Illuminate\\Container\\BoundMethod::call():35}()
#22 /Users/vitorsamuedoamaralpedroso/Documents/projetos-pessoais/cupons-livewire/vendor/laravel/framework/src/Illuminate/Container/BoundMethod.php(96): Illuminate\\Container\\Util::unwrapIfClosure(Object(Closure))
#23 /Users/vitorsamuedoamaralpedroso/Documents/projetos-pessoais/cupons-livewire/vendor/laravel/framework/src/Illuminate/Container/BoundMethod.php(35): Illuminate\\Container\\BoundMethod::callBoundMethod(Object(Illuminate\\Foundation\\Application), Array, Object(Closure))
#24 /Users/vitorsamuedoamaralpedroso/Documents/projetos-pessoais/cupons-livewire/vendor/laravel/framework/src/Illuminate/Container/Container.php(754): Illuminate\\Container\\BoundMethod::call(Object(Illuminate\\Foundation\\Application), Array, Array, NULL)
#25 /Users/vitorsamuedoamaralpedroso/Documents/projetos-pessoais/cupons-livewire/vendor/laravel/framework/src/Illuminate/Console/Command.php(211): Illuminate\\Container\\Container->call(Array)
#26 /Users/vitorsamuedoamaralpedroso/Documents/projetos-pessoais/cupons-livewire/vendor/symfony/console/Command/Command.php(279): Illuminate\\Console\\Command->execute(Object(Symfony\\Component\\Console\\Input\\ArrayInput), Object(Illuminate\\Console\\OutputStyle))
#27 /Users/vitorsamuedoamaralpedroso/Documents/projetos-pessoais/cupons-livewire/vendor/laravel/framework/src/Illuminate/Console/Command.php(180): Symfony\\Component\\Console\\Command\\Command->run(Object(Symfony\\Component\\Console\\Input\\ArrayInput), Object(Illuminate\\Console\\OutputStyle))
#28 /Users/vitorsamuedoamaralpedroso/Documents/projetos-pessoais/cupons-livewire/vendor/laravel/framework/src/Illuminate/Console/Concerns/CallsCommands.php(68): Illuminate\\Console\\Command->run(Object(Symfony\\Component\\Console\\Input\\ArrayInput), Object(Illuminate\\Console\\OutputStyle))
#29 /Users/vitorsamuedoamaralpedroso/Documents/projetos-pessoais/cupons-livewire/vendor/laravel/framework/src/Illuminate/Console/Concerns/CallsCommands.php(29): Illuminate\\Console\\Command->runCommand('migrate', Array, Object(Illuminate\\Console\\OutputStyle))
#30 /Users/vitorsamuedoamaralpedroso/Documents/projetos-pessoais/cupons-livewire/vendor/laravel/framework/src/Illuminate/Foundation/Console/ApiInstallCommand.php(80): Illuminate\\Console\\Command->call('migrate')
#31 /Users/vitorsamuedoamaralpedroso/Documents/projetos-pessoais/cupons-livewire/vendor/laravel/framework/src/Illuminate/Container/BoundMethod.php(36): Illuminate\\Foundation\\Console\\ApiInstallCommand->handle()
#32 /Users/vitorsamuedoamaralpedroso/Documents/projetos-pessoais/cupons-livewire/vendor/laravel/framework/src/Illuminate/Container/Util.php(43): Illuminate\\Container\\BoundMethod::{closure:Illuminate\\Container\\BoundMethod::call():35}()
#33 /Users/vitorsamuedoamaralpedroso/Documents/projetos-pessoais/cupons-livewire/vendor/laravel/framework/src/Illuminate/Container/BoundMethod.php(96): Illuminate\\Container\\Util::unwrapIfClosure(Object(Closure))
#34 /Users/vitorsamuedoamaralpedroso/Documents/projetos-pessoais/cupons-livewire/vendor/laravel/framework/src/Illuminate/Container/BoundMethod.php(35): Illuminate\\Container\\BoundMethod::callBoundMethod(Object(Illuminate\\Foundation\\Application), Array, Object(Closure))
#35 /Users/vitorsamuedoamaralpedroso/Documents/projetos-pessoais/cupons-livewire/vendor/laravel/framework/src/Illuminate/Container/Container.php(754): Illuminate\\Container\\BoundMethod::call(Object(Illuminate\\Foundation\\Application), Array, Array, NULL)
#36 /Users/vitorsamuedoamaralpedroso/Documents/projetos-pessoais/cupons-livewire/vendor/laravel/framework/src/Illuminate/Console/Command.php(211): Illuminate\\Container\\Container->call(Array)
#37 /Users/vitorsamuedoamaralpedroso/Documents/projetos-pessoais/cupons-livewire/vendor/symfony/console/Command/Command.php(279): Illuminate\\Console\\Command->execute(Object(Symfony\\Component\\Console\\Input\\ArgvInput), Object(Illuminate\\Console\\OutputStyle))
#38 /Users/vitorsamuedoamaralpedroso/Documents/projetos-pessoais/cupons-livewire/vendor/laravel/framework/src/Illuminate/Console/Command.php(180): Symfony\\Component\\Console\\Command\\Command->run(Object(Symfony\\Component\\Console\\Input\\ArgvInput), Object(Illuminate\\Console\\OutputStyle))
#39 /Users/vitorsamuedoamaralpedroso/Documents/projetos-pessoais/cupons-livewire/vendor/symfony/console/Application.php(1094): Illuminate\\Console\\Command->run(Object(Symfony\\Component\\Console\\Input\\ArgvInput), Object(Symfony\\Component\\Console\\Output\\ConsoleOutput))
#40 /Users/vitorsamuedoamaralpedroso/Documents/projetos-pessoais/cupons-livewire/vendor/symfony/console/Application.php(342): Symfony\\Component\\Console\\Application->doRunCommand(Object(Illuminate\\Foundation\\Console\\ApiInstallCommand), Object(Symfony\\Component\\Console\\Input\\ArgvInput), Object(Symfony\\Component\\Console\\Output\\ConsoleOutput))
#41 /Users/vitorsamuedoamaralpedroso/Documents/projetos-pessoais/cupons-livewire/vendor/symfony/console/Application.php(193): Symfony\\Component\\Console\\Application->doRun(Object(Symfony\\Component\\Console\\Input\\ArgvInput), Object(Symfony\\Component\\Console\\Output\\ConsoleOutput))
#42 /Users/vitorsamuedoamaralpedroso/Documents/projetos-pessoais/cupons-livewire/vendor/laravel/framework/src/Illuminate/Foundation/Console/Kernel.php(197): Symfony\\Component\\Console\\Application->run(Object(Symfony\\Component\\Console\\Input\\ArgvInput), Object(Symfony\\Component\\Console\\Output\\ConsoleOutput))
#43 /Users/vitorsamuedoamaralpedroso/Documents/projetos-pessoais/cupons-livewire/vendor/laravel/framework/src/Illuminate/Foundation/Application.php(1234): Illuminate\\Foundation\\Console\\Kernel->handle(Object(Symfony\\Component\\Console\\Input\\ArgvInput), Object(Symfony\\Component\\Console\\Output\\ConsoleOutput))
#44 /Users/vitorsamuedoamaralpedroso/Documents/projetos-pessoais/cupons-livewire/artisan(16): Illuminate\\Foundation\\Application->handleCommand(Object(Symfony\\Component\\Console\\Input\\ArgvInput))
#45 {main}

[previous exception] [object] (PDOException(code: 42S01): SQLSTATE[42S01]: Base table or view already exists: 1050 Table 'personal_access_tokens' already exists at /Users/vitorsamuedoamaralpedroso/Documents/projetos-pessoais/cupons-livewire/vendor/laravel/framework/src/Illuminate/Database/Connection.php:568)
[stacktrace]
#0 /Users/vitorsamuedoamaralpedroso/Documents/projetos-pessoais/cupons-livewire/vendor/laravel/framework/src/Illuminate/Database/Connection.php(568): PDOStatement->execute()
#1 /Users/vitorsamuedoamaralpedroso/Documents/projetos-pessoais/cupons-livewire/vendor/laravel/framework/src/Illuminate/Database/Connection.php(809): Illuminate\\Database\\Connection->{closure:Illuminate\\Database\\Connection::statement():557}('create table `p...', Array)
#2 /Users/vitorsamuedoamaralpedroso/Documents/projetos-pessoais/cupons-livewire/vendor/laravel/framework/src/Illuminate/Database/Connection.php(776): Illuminate\\Database\\Connection->runQueryCallback('create table `p...', Array, Object(Closure))
#3 /Users/vitorsamuedoamaralpedroso/Documents/projetos-pessoais/cupons-livewire/vendor/laravel/framework/src/Illuminate/Database/Connection.php(557): Illuminate\\Database\\Connection->run('create table `p...', Array, Object(Closure))
#4 /Users/vitorsamuedoamaralpedroso/Documents/projetos-pessoais/cupons-livewire/vendor/laravel/framework/src/Illuminate/Database/Schema/Blueprint.php(119): Illuminate\\Database\\Connection->statement('create table `p...')
#5 /Users/vitorsamuedoamaralpedroso/Documents/projetos-pessoais/cupons-livewire/vendor/laravel/framework/src/Illuminate/Database/Schema/Builder.php(618): Illuminate\\Database\\Schema\\Blueprint->build()
#6 /Users/vitorsamuedoamaralpedroso/Documents/projetos-pessoais/cupons-livewire/vendor/laravel/framework/src/Illuminate/Database/Schema/Builder.php(472): Illuminate\\Database\\Schema\\Builder->build(Object(Illuminate\\Database\\Schema\\Blueprint))
#7 /Users/vitorsamuedoamaralpedroso/Documents/projetos-pessoais/cupons-livewire/vendor/laravel/framework/src/Illuminate/Support/Facades/Facade.php(361): Illuminate\\Database\\Schema\\Builder->create('personal_access...', Object(Closure))
#8 /Users/vitorsamuedoamaralpedroso/Documents/projetos-pessoais/cupons-livewire/database/migrations/2025_05_14_174220_create_personal_access_tokens_table.php(14): Illuminate\\Support\\Facades\\Facade::__callStatic('create', Array)
#9 /Users/vitorsamuedoamaralpedroso/Documents/projetos-pessoais/cupons-livewire/vendor/laravel/framework/src/Illuminate/Database/Migrations/Migrator.php(514): Illuminate\\Database\\Migrations\\Migration@anonymous->up()
#10 /Users/vitorsamuedoamaralpedroso/Documents/projetos-pessoais/cupons-livewire/vendor/laravel/framework/src/Illuminate/Database/Migrations/Migrator.php(439): Illuminate\\Database\\Migrations\\Migrator->runMethod(Object(Illuminate\\Database\\MySqlConnection), Object(Illuminate\\Database\\Migrations\\Migration@anonymous), 'up')
#11 /Users/vitorsamuedoamaralpedroso/Documents/projetos-pessoais/cupons-livewire/vendor/laravel/framework/src/Illuminate/Database/Migrations/Migrator.php(448): Illuminate\\Database\\Migrations\\Migrator->{closure:Illuminate\\Database\\Migrations\\Migrator::runMigration():435}()
#12 /Users/vitorsamuedoamaralpedroso/Documents/projetos-pessoais/cupons-livewire/vendor/laravel/framework/src/Illuminate/Database/Migrations/Migrator.php(250): Illuminate\\Database\\Migrations\\Migrator->runMigration(Object(Illuminate\\Database\\Migrations\\Migration@anonymous), 'up')
#13 /Users/vitorsamuedoamaralpedroso/Documents/projetos-pessoais/cupons-livewire/vendor/laravel/framework/src/Illuminate/Console/View/Components/Task.php(41): Illuminate\\Database\\Migrations\\Migrator->{closure:Illuminate\\Database\\Migrations\\Migrator::runUp():250}()
#14 /Users/vitorsamuedoamaralpedroso/Documents/projetos-pessoais/cupons-livewire/vendor/laravel/framework/src/Illuminate/Database/Migrations/Migrator.php(805): Illuminate\\Console\\View\\Components\\Task->render('2025_05_14_1742...', Object(Closure))
#15 /Users/vitorsamuedoamaralpedroso/Documents/projetos-pessoais/cupons-livewire/vendor/laravel/framework/src/Illuminate/Database/Migrations/Migrator.php(250): Illuminate\\Database\\Migrations\\Migrator->write('Illuminate\\\\Cons...', '2025_05_14_1742...', Object(Closure))
#16 /Users/vitorsamuedoamaralpedroso/Documents/projetos-pessoais/cupons-livewire/vendor/laravel/framework/src/Illuminate/Database/Migrations/Migrator.php(210): Illuminate\\Database\\Migrations\\Migrator->runUp('/Users/vitorsam...', 55, false)
#17 /Users/vitorsamuedoamaralpedroso/Documents/projetos-pessoais/cupons-livewire/vendor/laravel/framework/src/Illuminate/Database/Migrations/Migrator.php(137): Illuminate\\Database\\Migrations\\Migrator->runPending(Array, Array)
#18 /Users/vitorsamuedoamaralpedroso/Documents/projetos-pessoais/cupons-livewire/vendor/laravel/framework/src/Illuminate/Database/Console/Migrations/MigrateCommand.php(116): Illuminate\\Database\\Migrations\\Migrator->run(Array, Array)
#19 /Users/vitorsamuedoamaralpedroso/Documents/projetos-pessoais/cupons-livewire/vendor/laravel/framework/src/Illuminate/Database/Migrations/Migrator.php(665): Illuminate\\Database\\Console\\Migrations\\MigrateCommand->{closure:Illuminate\\Database\\Console\\Migrations\\MigrateCommand::runMigrations():109}()
#20 /Users/vitorsamuedoamaralpedroso/Documents/projetos-pessoais/cupons-livewire/vendor/laravel/framework/src/Illuminate/Database/Console/Migrations/MigrateCommand.php(109): Illuminate\\Database\\Migrations\\Migrator->usingConnection(NULL, Object(Closure))
#21 /Users/vitorsamuedoamaralpedroso/Documents/projetos-pessoais/cupons-livewire/vendor/laravel/framework/src/Illuminate/Database/Console/Migrations/MigrateCommand.php(88): Illuminate\\Database\\Console\\Migrations\\MigrateCommand->runMigrations()
#22 /Users/vitorsamuedoamaralpedroso/Documents/projetos-pessoais/cupons-livewire/vendor/laravel/framework/src/Illuminate/Container/BoundMethod.php(36): Illuminate\\Database\\Console\\Migrations\\MigrateCommand->handle()
#23 /Users/vitorsamuedoamaralpedroso/Documents/projetos-pessoais/cupons-livewire/vendor/laravel/framework/src/Illuminate/Container/Util.php(43): Illuminate\\Container\\BoundMethod::{closure:Illuminate\\Container\\BoundMethod::call():35}()
#24 /Users/vitorsamuedoamaralpedroso/Documents/projetos-pessoais/cupons-livewire/vendor/laravel/framework/src/Illuminate/Container/BoundMethod.php(96): Illuminate\\Container\\Util::unwrapIfClosure(Object(Closure))
#25 /Users/vitorsamuedoamaralpedroso/Documents/projetos-pessoais/cupons-livewire/vendor/laravel/framework/src/Illuminate/Container/BoundMethod.php(35): Illuminate\\Container\\BoundMethod::callBoundMethod(Object(Illuminate\\Foundation\\Application), Array, Object(Closure))
#26 /Users/vitorsamuedoamaralpedroso/Documents/projetos-pessoais/cupons-livewire/vendor/laravel/framework/src/Illuminate/Container/Container.php(754): Illuminate\\Container\\BoundMethod::call(Object(Illuminate\\Foundation\\Application), Array, Array, NULL)
#27 /Users/vitorsamuedoamaralpedroso/Documents/projetos-pessoais/cupons-livewire/vendor/laravel/framework/src/Illuminate/Console/Command.php(211): Illuminate\\Container\\Container->call(Array)
#28 /Users/vitorsamuedoamaralpedroso/Documents/projetos-pessoais/cupons-livewire/vendor/symfony/console/Command/Command.php(279): Illuminate\\Console\\Command->execute(Object(Symfony\\Component\\Console\\Input\\ArrayInput), Object(Illuminate\\Console\\OutputStyle))
#29 /Users/vitorsamuedoamaralpedroso/Documents/projetos-pessoais/cupons-livewire/vendor/laravel/framework/src/Illuminate/Console/Command.php(180): Symfony\\Component\\Console\\Command\\Command->run(Object(Symfony\\Component\\Console\\Input\\ArrayInput), Object(Illuminate\\Console\\OutputStyle))
#30 /Users/vitorsamuedoamaralpedroso/Documents/projetos-pessoais/cupons-livewire/vendor/laravel/framework/src/Illuminate/Console/Concerns/CallsCommands.php(68): Illuminate\\Console\\Command->run(Object(Symfony\\Component\\Console\\Input\\ArrayInput), Object(Illuminate\\Console\\OutputStyle))
#31 /Users/vitorsamuedoamaralpedroso/Documents/projetos-pessoais/cupons-livewire/vendor/laravel/framework/src/Illuminate/Console/Concerns/CallsCommands.php(29): Illuminate\\Console\\Command->runCommand('migrate', Array, Object(Illuminate\\Console\\OutputStyle))
#32 /Users/vitorsamuedoamaralpedroso/Documents/projetos-pessoais/cupons-livewire/vendor/laravel/framework/src/Illuminate/Foundation/Console/ApiInstallCommand.php(80): Illuminate\\Console\\Command->call('migrate')
#33 /Users/vitorsamuedoamaralpedroso/Documents/projetos-pessoais/cupons-livewire/vendor/laravel/framework/src/Illuminate/Container/BoundMethod.php(36): Illuminate\\Foundation\\Console\\ApiInstallCommand->handle()
#34 /Users/vitorsamuedoamaralpedroso/Documents/projetos-pessoais/cupons-livewire/vendor/laravel/framework/src/Illuminate/Container/Util.php(43): Illuminate\\Container\\BoundMethod::{closure:Illuminate\\Container\\BoundMethod::call():35}()
#35 /Users/vitorsamuedoamaralpedroso/Documents/projetos-pessoais/cupons-livewire/vendor/laravel/framework/src/Illuminate/Container/BoundMethod.php(96): Illuminate\\Container\\Util::unwrapIfClosure(Object(Closure))
#36 /Users/vitorsamuedoamaralpedroso/Documents/projetos-pessoais/cupons-livewire/vendor/laravel/framework/src/Illuminate/Container/BoundMethod.php(35): Illuminate\\Container\\BoundMethod::callBoundMethod(Object(Illuminate\\Foundation\\Application), Array, Object(Closure))
#37 /Users/vitorsamuedoamaralpedroso/Documents/projetos-pessoais/cupons-livewire/vendor/laravel/framework/src/Illuminate/Container/Container.php(754): Illuminate\\Container\\BoundMethod::call(Object(Illuminate\\Foundation\\Application), Array, Array, NULL)
#38 /Users/vitorsamuedoamaralpedroso/Documents/projetos-pessoais/cupons-livewire/vendor/laravel/framework/src/Illuminate/Console/Command.php(211): Illuminate\\Container\\Container->call(Array)
#39 /Users/vitorsamuedoamaralpedroso/Documents/projetos-pessoais/cupons-livewire/vendor/symfony/console/Command/Command.php(279): Illuminate\\Console\\Command->execute(Object(Symfony\\Component\\Console\\Input\\ArgvInput), Object(Illuminate\\Console\\OutputStyle))
#40 /Users/vitorsamuedoamaralpedroso/Documents/projetos-pessoais/cupons-livewire/vendor/laravel/framework/src/Illuminate/Console/Command.php(180): Symfony\\Component\\Console\\Command\\Command->run(Object(Symfony\\Component\\Console\\Input\\ArgvInput), Object(Illuminate\\Console\\OutputStyle))
#41 /Users/vitorsamuedoamaralpedroso/Documents/projetos-pessoais/cupons-livewire/vendor/symfony/console/Application.php(1094): Illuminate\\Console\\Command->run(Object(Symfony\\Component\\Console\\Input\\ArgvInput), Object(Symfony\\Component\\Console\\Output\\ConsoleOutput))
#42 /Users/vitorsamuedoamaralpedroso/Documents/projetos-pessoais/cupons-livewire/vendor/symfony/console/Application.php(342): Symfony\\Component\\Console\\Application->doRunCommand(Object(Illuminate\\Foundation\\Console\\ApiInstallCommand), Object(Symfony\\Component\\Console\\Input\\ArgvInput), Object(Symfony\\Component\\Console\\Output\\ConsoleOutput))
#43 /Users/vitorsamuedoamaralpedroso/Documents/projetos-pessoais/cupons-livewire/vendor/symfony/console/Application.php(193): Symfony\\Component\\Console\\Application->doRun(Object(Symfony\\Component\\Console\\Input\\ArgvInput), Object(Symfony\\Component\\Console\\Output\\ConsoleOutput))
#44 /Users/vitorsamuedoamaralpedroso/Documents/projetos-pessoais/cupons-livewire/vendor/laravel/framework/src/Illuminate/Foundation/Console/Kernel.php(197): Symfony\\Component\\Console\\Application->run(Object(Symfony\\Component\\Console\\Input\\ArgvInput), Object(Symfony\\Component\\Console\\Output\\ConsoleOutput))
#45 /Users/vitorsamuedoamaralpedroso/Documents/projetos-pessoais/cupons-livewire/vendor/laravel/framework/src/Illuminate/Foundation/Application.php(1234): Illuminate\\Foundation\\Console\\Kernel->handle(Object(Symfony\\Component\\Console\\Input\\ArgvInput), Object(Symfony\\Component\\Console\\Output\\ConsoleOutput))
#46 /Users/vitorsamuedoamaralpedroso/Documents/projetos-pessoais/cupons-livewire/artisan(16): Illuminate\\Foundation\\Application->handleCommand(Object(Symfony\\Component\\Console\\Input\\ArgvInput))
#47 {main}
"} 
